<?xml version="1.0" encoding="UTF-8"?><testrun name="runn" project="academy" tests="2" started="1" failures="0" errors="1" ignored="0">
  <testsuite name="stepdefine2.runn" incomplete="true">
    <testsuite name="valadate textfields" incomplete="true">
      <testcase name="Valadate textfields" classname="valadate textfields" time="0.339">
        <error>io.cucumber.core.runner.DuplicateStepDefinitionException: Duplicate step definitions in stepdefine2.validatefiel.clickLoginButton1() and stepdefine2.validatefiel.clickLoginButton11()&#13;
	at io.cucumber.core.runner.CachingGlue.lambda$prepareGlue$3(CachingGlue.java:249)&#13;
	at java.base/java.util.ArrayList.forEach(ArrayList.java:1511)&#13;
	at io.cucumber.core.runner.CachingGlue.prepareGlue(CachingGlue.java:243)&#13;
	at io.cucumber.core.runner.Runner.runPickle(Runner.java:70)&#13;
	at io.cucumber.junit.PickleRunners$NoStepDescriptions.run(PickleRunners.java:151)&#13;
	at io.cucumber.junit.FeatureRunner.runChild(FeatureRunner.java:135)&#13;
	at io.cucumber.junit.FeatureRunner.runChild(FeatureRunner.java:27)&#13;
	at org.junit.runners.ParentRunner$4.run(ParentRunner.java:331)&#13;
	at org.junit.runners.ParentRunner$1.schedule(ParentRunner.java:79)&#13;
	at org.junit.runners.ParentRunner.runChildren(ParentRunner.java:329)&#13;
	at org.junit.runners.ParentRunner.access$100(ParentRunner.java:66)&#13;
	at org.junit.runners.ParentRunner$2.evaluate(ParentRunner.java:293)&#13;
	at org.junit.runners.ParentRunner$3.evaluate(ParentRunner.java:306)&#13;
	at org.junit.runners.ParentRunner.run(ParentRunner.java:413)&#13;
	at io.cucumber.junit.Cucumber.runChild(Cucumber.java:200)&#13;
	at io.cucumber.junit.Cucumber.runChild(Cucumber.java:90)&#13;
	at org.junit.runners.ParentRunner$4.run(ParentRunner.java:331)&#13;
	at org.junit.runners.ParentRunner$1.schedule(ParentRunner.java:79)&#13;
	at org.junit.runners.ParentRunner.runChildren(ParentRunner.java:329)&#13;
	at org.junit.runners.ParentRunner.access$100(ParentRunner.java:66)&#13;
	at org.junit.runners.ParentRunner$2.evaluate(ParentRunner.java:293)&#13;
	at io.cucumber.junit.Cucumber$RunCucumber.evaluate(Cucumber.java:235)&#13;
	at org.junit.runners.ParentRunner$3.evaluate(ParentRunner.java:306)&#13;
	at org.junit.runners.ParentRunner.run(ParentRunner.java:413)&#13;
	at org.eclipse.jdt.internal.junit4.runner.JUnit4TestReference.run(JUnit4TestReference.java:93)&#13;
	at org.eclipse.jdt.internal.junit.runner.TestExecution.run(TestExecution.java:40)&#13;
	at org.eclipse.jdt.internal.junit.runner.RemoteTestRunner.runTests(RemoteTestRunner.java:529)&#13;
	at org.eclipse.jdt.internal.junit.runner.RemoteTestRunner.runTests(RemoteTestRunner.java:756)&#13;
	at org.eclipse.jdt.internal.junit.runner.RemoteTestRunner.run(RemoteTestRunner.java:452)&#13;
	at org.eclipse.jdt.internal.junit.runner.RemoteTestRunner.main(RemoteTestRunner.java:210)&#13;
&#13;
</error>
      </testcase>
      <testcase name="Validate username textfields" classname="valadate textfields" incomplete="true"/>
    </testsuite>
  </testsuite>
</testrun>
